11:55:03 - INFO - Starting new route finding run with parameters:
Version: v2 (explore_set)
End time: 20:00
Transfer time range: 3-15 minutes
11:55:03 - INFO - Starting new route finding run with parameters:
Current station: Ehv
Current time: 2025-10-04 08:00:00

11:55:03 - INFO - New best route found! Distance: 36.9km  (+36.9km)
11:55:03 - INFO - New best route found! Distance: 58.5km  (+21.6km)
11:55:03 - INFO - New best route found! Distance: 104.3km  (+45.8km)
11:55:03 - INFO - New best route found! Distance: 119.2km  (+14.9km)
11:55:03 - INFO - New best route found! Distance: 126.6km  (+7.4km)
11:55:03 - INFO - New best route found! Distance: 128.4km  (+1.8km)
11:55:03 - INFO - New best route found! Distance: 143.8km  (+15.4km)
11:55:03 - INFO - New best route found! Distance: 156.6km  (+12.8km)
11:55:03 - INFO - New best route found! Distance: 189.3km  (+32.7km)
11:55:03 - INFO - New best route found! Distance: 223.1km  (+33.8km)
11:55:03 - INFO - New best route found! Distance: 229.3km  (+6.2km)
11:55:03 - INFO - New best route found! Distance: 234.3km  (+5.0km)
11:55:03 - INFO - New best route found! Distance: 242.5km  (+8.2km)
11:55:03 - INFO - New best route found! Distance: 275.3km  (+32.8km)
11:55:03 - INFO - New best route found! Distance: 286.2km  (+10.9km)
11:55:03 - INFO - New best route found! Distance: 292.2km  (+6.0km)
11:55:03 - INFO - New best route found! Distance: 297.3km  (+5.1km)
11:55:03 - INFO - New best route found! Distance: 306.1km  (+8.8km)
11:55:03 - INFO - New best route found! Distance: 315.2km  (+9.1km)
11:55:03 - INFO - New best route found! Distance: 324.1km  (+8.9km)
11:55:03 - INFO - New best route found! Distance: 326.7km  (+2.6km)
11:55:03 - INFO - New best route found! Distance: 331.8km  (+5.1km)
11:55:03 - INFO - New best route found! Distance: 332.7km  (+0.9km)
11:55:03 - INFO - New best route found! Distance: 343.6km  (+10.9km)
11:55:03 - INFO - New best route found! Distance: 345.8km  (+2.2km)
11:55:03 - INFO - New best route found! Distance: 353.7km  (+7.9km)
11:55:03 - INFO - New best route found! Distance: 357.4km  (+3.7km)
11:55:03 - INFO - New best route found! Distance: 358.7km  (+1.3km)
11:55:03 - INFO - New best route found! Distance: 361.1km  (+2.4km)
11:55:03 - INFO - New best route found! Distance: 368.3km  (+7.2km)
11:55:03 - INFO - New best route found! Distance: 372.8km  (+4.5km)
11:55:03 - INFO - New best route found! Distance: 397.4km  (+24.6km)
11:55:03 - INFO - New best route found! Distance: 411.3km  (+13.9km)
11:55:03 - INFO - New best route found! Distance: 412.8km  (+1.5km)
11:55:03 - INFO - New best route found! Distance: 415.9km  (+3.1km)
11:55:03 - INFO - New best route found! Distance: 418.3km  (+2.4km)
11:55:03 - INFO - New best route found! Distance: 424.4km  (+6.1km)
11:55:03 - INFO - New best route found! Distance: 425.6km  (+1.2km)
11:55:03 - INFO - New best route found! Distance: 427.6km  (+2.0km)
11:55:03 - INFO - New best route found! Distance: 441.0km  (+13.4km)
11:55:03 - INFO - New best route found! Distance: 454.6km  (+13.6km)
11:55:03 - INFO - New best route found! Distance: 464.8km  (+10.2km)
11:55:03 - INFO - New best route found! Distance: 468.9km  (+4.1km)
11:55:03 - INFO - New best route found! Distance: 469.8km  (+0.9km)
11:55:03 - INFO - New best route found! Distance: 475.0km  (+5.2km)
11:55:03 - INFO - New best route found! Distance: 477.0km  (+2.0km)
11:55:03 - INFO - New best route found! Distance: 479.2km  (+2.2km)
11:55:03 - INFO - New best route found! Distance: 488.6km  (+9.4km)
11:55:03 - INFO - New best route found! Distance: 494.4km  (+5.8km)
11:55:04 - INFO - New best route found! Distance: 496.3km  (+1.9km)
11:55:04 - INFO - New best route found! Distance: 497.6km  (+1.3km)
11:55:04 - INFO - New best route found! Distance: 498.8km  (+1.2km)
11:55:04 - INFO - New best route found! Distance: 498.9km  (+0.1km)
11:55:04 - INFO - New best route found! Distance: 500.8km  (+1.9km)
11:55:04 - INFO - New best route found! Distance: 506.6km  (+5.8km)
11:55:04 - INFO - New best route found! Distance: 508.0km  (+1.4km)
11:55:04 - INFO - New best route found! Distance: 523.4km  (+15.4km)
11:55:04 - INFO - New best route found! Distance: 531.6km  (+8.2km)
11:55:04 - INFO - New best route found! Distance: 536.0km  (+4.4km)
11:55:04 - INFO - New best route found! Distance: 547.3km  (+11.3km)
11:55:04 - INFO - New best route found! Distance: 548.6km  (+1.3km)
11:55:04 - INFO - New best route found! Distance: 559.7km  (+11.1km)
11:55:04 - INFO - New best route found! Distance: 567.7km  (+8.0km)
11:55:04 - INFO - New best route found! Distance: 568.4km  (+0.7km)
11:55:04 - INFO - New best route found! Distance: 595.2km  (+26.8km)
11:55:05 - INFO - New best route found! Distance: 597.6km  (+2.4km)
11:55:08 - INFO - New best route found! Distance: 601.2km  (+3.6km)
11:55:08 - INFO - New best route found! Distance: 604.4km  (+3.2km)
11:55:09 - INFO - New best route found! Distance: 606.8km  (+2.4km)
11:55:09 - INFO - New best route found! Distance: 607.8km  (+1.0km)
11:55:12 - INFO - New best route found! Distance: 643.3km  (+35.5km)
11:55:12 - INFO - New best route found! Distance: 657.3km  (+14.0km)
11:56:00 - INFO - Interrupt received
11:56:00 - INFO - Saved best route to: C:\VS-Code\Kilometer-Kampioen\kilometer-kampioen\runs\routes\v2\20260222_115503_6572.csv
Number of transfers: 57
Final distance: 657.3km
Total iterations: 9915
End station: Wh
End time: 2025-10-04 20:00:00
