12:10:15 - INFO - Starting new route finding run with parameters:
Version: v1 (whole_day_data)
End time: 15:00
Transfer time range: 3-15 minutes
12:10:15 - INFO - Starting new route finding run with parameters:
Current station: Ht
Current time: 2025-10-04 12:00:00

12:10:15 - INFO - New best route found! Distance: 48.1km (+48.1km)
12:10:15 - INFO - New best route found! Distance: 81.9km (+33.8km)
12:10:15 - INFO - New best route found! Distance: 88.1km (+6.2km)
12:10:15 - INFO - New best route found! Distance: 93.1km (+5.0km)
12:10:15 - INFO - New best route found! Distance: 101.3km (+8.2km)
12:10:15 - INFO - New best route found! Distance: 118.5km (+17.2km)
12:10:15 - INFO - New best route found! Distance: 125.3km (+6.8km)
12:10:15 - INFO - New best route found! Distance: 130.4km (+5.1km)
12:10:16 - INFO - New best route found! Distance: 132.1km (+1.7km)
12:10:16 - INFO - New best route found! Distance: 137.2km (+5.1km)
12:10:16 - INFO - New best route found! Distance: 151.1km (+13.9km)
12:10:16 - INFO - New best route found! Distance: 160.2km (+9.1km)
12:10:16 - INFO - New best route found! Distance: 169.1km (+8.9km)
12:10:16 - INFO - New best route found! Distance: 171.7km (+2.6km)
12:10:16 - INFO - New best route found! Distance: 186.9km (+15.2km)
12:10:21 - INFO - New best route found! Distance: 187.0km (+0.1km)
12:10:24 - INFO - New best route found! Distance: 209.9km (+22.9km)
12:10:24 - INFO - New best route found! Distance: 223.9km (+14.0km)
12:11:04 - INFO - Saved best route to: C:\VS-Code\Kilometer-Kampioen\kilometer-kampioen\runs\routes\v1\20260111_121015_2239.csv
Number of transfers: 11
Final distance: 223.9km
Total iterations: 6221
End station: Wh
End time: 2025-10-04 15:00:00
