15:24:01 - INFO - Starting new route finding run with parameters:
Version: v1 (whole_day_data)
End time: 20:00
Transfer time range: 3-15 minutes
15:24:01 - INFO - Starting new route finding run with parameters:
Current station: Ehv
Current time: 2025-10-04 08:00:00

15:24:01 - INFO - New best route found! Distance: 36.9km  (+36.9km)
15:24:01 - INFO - New best route found! Distance: 58.5km  (+21.6km)
15:24:01 - INFO - New best route found! Distance: 104.3km  (+45.8km)
15:24:01 - INFO - New best route found! Distance: 119.2km  (+14.9km)
15:24:01 - INFO - New best route found! Distance: 126.6km  (+7.4km)
15:24:01 - INFO - New best route found! Distance: 128.4km  (+1.8km)
15:24:01 - INFO - New best route found! Distance: 143.8km  (+15.4km)
15:24:01 - INFO - New best route found! Distance: 168.4km  (+24.6km)
15:24:01 - INFO - New best route found! Distance: 172.9km  (+4.5km)
15:24:01 - INFO - New best route found! Distance: 187.5km  (+14.6km)
15:24:01 - INFO - New best route found! Distance: 192.5km  (+5.0km)
15:24:02 - INFO - New best route found! Distance: 198.7km  (+6.2km)
15:24:02 - INFO - New best route found! Distance: 232.5km  (+33.8km)
15:24:02 - INFO - New best route found! Distance: 265.2km  (+32.7km)
15:24:02 - INFO - New best route found! Distance: 293.4km  (+28.2km)
15:24:02 - INFO - New best route found! Distance: 296.5km  (+3.1km)
15:24:02 - INFO - New best route found! Distance: 298.9km  (+2.4km)
15:24:02 - INFO - New best route found! Distance: 305.0km  (+6.1km)
15:24:02 - INFO - New best route found! Distance: 306.2km  (+1.2km)
15:24:02 - INFO - New best route found! Distance: 308.2km  (+2.0km)
15:24:02 - INFO - New best route found! Distance: 321.6km  (+13.4km)
15:24:02 - INFO - New best route found! Distance: 335.2km  (+13.6km)
15:24:02 - INFO - New best route found! Distance: 345.4km  (+10.2km)
15:24:02 - INFO - New best route found! Distance: 349.5km  (+4.1km)
15:24:02 - INFO - New best route found! Distance: 358.2km  (+8.7km)
15:24:02 - INFO - New best route found! Distance: 360.3km  (+2.1km)
15:24:02 - INFO - New best route found! Distance: 364.1km  (+3.8km)
15:24:02 - INFO - New best route found! Distance: 365.9km  (+1.8km)
15:24:02 - INFO - New best route found! Distance: 367.7km  (+1.8km)
15:24:02 - INFO - New best route found! Distance: 369.2km  (+1.5km)
15:24:02 - INFO - New best route found! Distance: 371.7km  (+2.5km)
15:24:02 - INFO - New best route found! Distance: 377.8km  (+6.1km)
15:24:02 - INFO - New best route found! Distance: 380.5km  (+2.7km)
15:24:02 - INFO - New best route found! Distance: 383.1km  (+2.6km)
15:24:02 - INFO - New best route found! Distance: 409.9km  (+26.8km)
15:24:02 - INFO - New best route found! Distance: 457.7km  (+47.8km)
15:24:02 - INFO - New best route found! Distance: 462.7km  (+5.0km)
15:24:02 - INFO - New best route found! Distance: 467.9km  (+5.2km)
15:24:02 - INFO - New best route found! Distance: 469.9km  (+2.0km)
15:24:02 - INFO - New best route found! Distance: 472.1km  (+2.2km)
15:24:02 - INFO - New best route found! Distance: 481.5km  (+9.4km)
15:24:02 - INFO - New best route found! Distance: 487.3km  (+5.8km)
15:24:02 - INFO - New best route found! Distance: 489.2km  (+1.9km)
15:24:02 - INFO - New best route found! Distance: 490.5km  (+1.3km)
15:24:02 - INFO - New best route found! Distance: 491.7km  (+1.2km)
15:24:02 - INFO - New best route found! Distance: 492.7km  (+1.0km)
15:24:02 - INFO - New best route found! Distance: 498.4km  (+5.7km)
15:24:02 - INFO - New best route found! Distance: 510.4km  (+12.0km)
15:24:02 - INFO - New best route found! Distance: 513.7km  (+3.3km)
15:24:02 - INFO - New best route found! Distance: 520.7km  (+7.0km)
15:24:02 - INFO - New best route found! Distance: 531.4km  (+10.7km)
15:24:02 - INFO - New best route found! Distance: 538.3km  (+6.9km)
15:24:02 - INFO - New best route found! Distance: 540.3km  (+2.0km)
15:24:02 - INFO - New best route found! Distance: 542.2km  (+1.9km)
15:24:02 - INFO - New best route found! Distance: 543.8km  (+1.6km)
15:24:02 - INFO - New best route found! Distance: 544.7km  (+0.9km)
15:24:02 - INFO - New best route found! Distance: 549.3km  (+4.6km)
15:24:02 - INFO - New best route found! Distance: 552.0km  (+2.7km)
15:24:02 - INFO - New best route found! Distance: 555.6km  (+3.6km)
15:24:02 - INFO - New best route found! Distance: 568.6km  (+13.0km)
15:24:02 - INFO - New best route found! Distance: 576.8km  (+8.2km)
15:24:02 - INFO - New best route found! Distance: 580.6km  (+3.8km)
15:24:02 - INFO - New best route found! Distance: 589.2km  (+8.6km)
15:24:02 - INFO - New best route found! Distance: 597.8km  (+8.6km)
15:24:02 - INFO - New best route found! Distance: 601.6km  (+3.8km)
15:24:02 - INFO - New best route found! Distance: 607.6km  (+6.0km)
15:24:02 - INFO - New best route found! Distance: 614.3km  (+6.7km)
15:24:02 - INFO - New best route found! Distance: 616.2km  (+1.9km)
15:24:02 - INFO - New best route found! Distance: 618.5km  (+2.3km)
15:24:02 - INFO - New best route found! Distance: 624.1km  (+5.6km)
15:24:02 - INFO - New best route found! Distance: 629.7km  (+5.6km)
15:24:02 - INFO - New best route found! Distance: 632.0km  (+2.3km)
15:24:02 - INFO - New best route found! Distance: 638.8km  (+6.8km)
15:24:02 - INFO - New best route found! Distance: 643.8km  (+5.0km)
15:24:02 - INFO - New best route found! Distance: 651.3km  (+7.5km)
15:24:07 - INFO - New best route found! Distance: 690.2km  (+38.9km)
15:24:07 - INFO - New best route found! Distance: 704.2km  (+14.0km)
15:26:21 - INFO - New best route found! Distance: 754.5km  (+50.3km)
15:53:09 - INFO - Interrupt received
15:53:09 - INFO - Saved best route to: C:\VS-Code\Kilometer-Kampioen\kilometer-kampioen\runs\routes\v1\20260121_152401_7545.csv
Number of transfers: 64
Final distance: 754.5km
Total iterations: 292319
End station: Asn
End time: 2025-10-04 19:55:00
