14:50:42 - INFO - Starting new route finding run with parameters:
Version: v0 (greedy_dfs)
End time: 15:00
Transfer time range: 3-15 minutes
14:50:42 - INFO - Starting new route finding run with parameters:
Current station: Ht
Current time: 2025-08-02 12:00:00

14:50:42 - INFO - New best route found! Distance: 22.3km (+22.3km)
14:50:42 - INFO - New best route found! Distance: 59.2km (+36.9km)
14:50:42 - INFO - New best route found! Distance: 91.3km (+32.1km)
14:50:42 - INFO - New best route found! Distance: 95.5km (+4.2km)
14:50:42 - INFO - New best route found! Distance: 103.5km (+8.0km)
14:50:42 - INFO - New best route found! Distance: 113.4km (+9.9km)
14:50:42 - INFO - New best route found! Distance: 120.8km (+7.4km)
14:50:42 - INFO - New best route found! Distance: 123.4km (+2.6km)
14:50:42 - INFO - New best route found! Distance: 132.3km (+8.9km)
14:50:42 - INFO - New best route found! Distance: 140.4km (+8.1km)
14:50:42 - INFO - New best route found! Distance: 145.7km (+5.3km)
14:50:43 - INFO - New best route found! Distance: 150.5km (+4.8km)
14:50:43 - INFO - New best route found! Distance: 158.5km (+8.0km)
14:50:43 - INFO - New best route found! Distance: 162.7km (+4.2km)
14:50:53 - INFO - Saved best route to: C:\VS-Code\Kilometer-Kampioen\kilometer-kampioen\runs\routes\v0\20250823_145042_1627.csv
Number of transfers: 14
Final distance: 162.7km
Total iterations: 2463
End station: Ht
