14:09:28 - INFO - Starting new route finding run with parameters:
Version: v0 (greedy_dfs)
End time: 15:00
Transfer time range: 3-15 minutes
14:09:28 - INFO - Starting new route finding run with parameters:
Current station: Ht
Current time: 2025-08-02 12:00:00

14:09:28 - INFO - New best route found! Distance: 22.3km (+22.3km)
14:09:28 - INFO - New best route found! Distance: 59.2km (+36.9km)
14:09:28 - INFO - New best route found! Distance: 61.8km (+2.6km)
14:09:29 - INFO - New best route found! Distance: 69.2km (+7.4km)
14:09:29 - INFO - New best route found! Distance: 79.1km (+9.9km)
14:09:29 - INFO - New best route found! Distance: 88.0km (+8.9km)
14:09:29 - INFO - New best route found! Distance: 96.1km (+8.1km)
14:09:29 - INFO - New best route found! Distance: 118.4km (+22.3km)
14:09:29 - INFO - New best route found! Distance: 130.6km (+12.2km)
14:09:29 - INFO - New best route found! Distance: 130.6km (+0.0km)
14:09:29 - INFO - New best route found! Distance: 138.6km (+8.0km)
14:09:29 - INFO - New best route found! Distance: 142.8km (+4.2km)
14:09:37 - INFO - Saved best route to: C:\VS-Code\Kilometer-Kampioen\kilometer-kampioen\runs\routes\v0\20250914_140928_1428.csv
Number of transfers: 12
Final distance: 142.8km
Total iterations: 2612
End station: Ht
